2026-03-24T01:20:57.584+05:30  INFO 12240 --- [auth-module] [restartedMain] com.cck.cck_app.CckAppApplication        : Starting CckAppApplication using Java 21.0.8 with PID 12240 (D:\ideaProjectjava\cch-p\auth-module\target\classes started by Deneth in D:\ideaProjectjava\cch-p\auth-module)
2026-03-24T01:20:57.590+05:30  INFO 12240 --- [auth-module] [restartedMain] com.cck.cck_app.CckAppApplication        : No active profile set, falling back to 1 default profile: "default"
2026-03-24T01:20:57.663+05:30  INFO 12240 --- [auth-module] [restartedMain] .e.DevToolsPropertyDefaultsPostProcessor : Devtools property defaults active! Set 'spring.devtools.add-properties' to 'false' to disable
2026-03-24T01:20:57.663+05:30  INFO 12240 --- [auth-module] [restartedMain] .e.DevToolsPropertyDefaultsPostProcessor : For additional web related logging consider setting the 'logging.level.web' property to 'DEBUG'
2026-03-24T01:20:58.807+05:30  INFO 12240 --- [auth-module] [restartedMain] .s.d.r.c.RepositoryConfigurationDelegate : Bootstrapping Spring Data JPA repositories in DEFAULT mode.
2026-03-24T01:20:58.958+05:30  INFO 12240 --- [auth-module] [restartedMain] .s.d.r.c.RepositoryConfigurationDelegate : Finished Spring Data repository scanning in 140 ms. Found 4 JPA repository interfaces.
2026-03-24T01:20:59.259+05:30  INFO 12240 --- [auth-module] [restartedMain] o.s.cloud.context.scope.GenericScope     : BeanFactory id=e2ea1678-956b-31d9-973f-07db37432e65
2026-03-24T01:20:59.959+05:30  INFO 12240 --- [auth-module] [restartedMain] o.s.boot.tomcat.TomcatWebServer          : Tomcat initialized with port 8091 (http)
2026-03-24T01:20:59.971+05:30  INFO 12240 --- [auth-module] [restartedMain] o.apache.catalina.core.StandardService   : Starting service [Tomcat]
2026-03-24T01:20:59.971+05:30  INFO 12240 --- [auth-module] [restartedMain] o.apache.catalina.core.StandardEngine    : Starting Servlet engine: [Apache Tomcat/11.0.15]
2026-03-24T01:21:00.030+05:30  INFO 12240 --- [auth-module] [restartedMain] b.w.c.s.WebApplicationContextInitializer : Root WebApplicationContext: initialization completed in 2366 ms
2026-03-24T01:21:00.135+05:30  INFO 12240 --- [auth-module] [restartedMain] com.zaxxer.hikari.HikariDataSource       : HikariPool-1 - Starting...
2026-03-24T01:21:01.151+05:30  INFO 12240 --- [auth-module] [restartedMain] com.zaxxer.hikari.pool.HikariPool        : HikariPool-1 - Added connection org.postgresql.jdbc.PgConnection@1eb8e07b
2026-03-24T01:21:01.160+05:30  INFO 12240 --- [auth-module] [restartedMain] com.zaxxer.hikari.HikariDataSource       : HikariPool-1 - Start completed.
2026-03-24T01:21:01.278+05:30  INFO 12240 --- [auth-module] [restartedMain] org.hibernate.orm.jpa                    : HHH008540: Processing PersistenceUnitInfo [name: default]
2026-03-24T01:21:01.382+05:30  INFO 12240 --- [auth-module] [restartedMain] org.hibernate.orm.core                   : HHH000001: Hibernate ORM core version 7.2.0.Final
2026-03-24T01:21:02.018+05:30  INFO 12240 --- [auth-module] [restartedMain] o.s.o.j.p.SpringPersistenceUnitInfo      : No LoadTimeWeaver setup: ignoring JPA class transformer
2026-03-24T01:21:02.522+05:30  WARN 12240 --- [auth-module] [restartedMain] org.hibernate.orm.deprecation            : HHH90000025: PostgreSQLDialect does not need to be specified explicitly using 'hibernate.dialect' (remove the property setting and it will be selected by default)
2026-03-24T01:21:02.579+05:30  INFO 12240 --- [auth-module] [restartedMain] org.hibernate.orm.connections.pooling    : HHH10001005: Database info:
	Database JDBC URL [jdbc:postgresql://localhost:5432/cck_auth_db?ssl=false&currentSchema=public]
	Database driver: PostgreSQL JDBC Driver
	Database dialect: PostgreSQLDialect
	Database version: 18.1
	Default catalog/schema: cck_auth_db/public
	Autocommit mode: undefined/unknown
	Isolation level: READ_COMMITTED [default READ_COMMITTED]
	JDBC fetch size: none
	Pool: DataSourceConnectionProvider
	Minimum pool size: undefined/unknown
	Maximum pool size: undefined/unknown
2026-03-24T01:21:03.756+05:30  INFO 12240 --- [auth-module] [restartedMain] org.hibernate.orm.core                   : HHH000489: No JTA platform available (set 'hibernate.transaction.jta.platform' to enable JTA platform integration)
2026-03-24T01:21:04.710+05:30  INFO 12240 --- [auth-module] [restartedMain] j.LocalContainerEntityManagerFactoryBean : Initialized JPA EntityManagerFactory for persistence unit 'default'
2026-03-24T01:21:04.862+05:30  INFO 12240 --- [auth-module] [restartedMain] o.s.d.j.r.query.QueryEnhancerFactories   : Hibernate is in classpath; If applicable, HQL parser will be used.
2026-03-24T01:21:05.347+05:30  INFO 12240 --- [auth-module] [restartedMain] eAuthenticationProviderManagerConfigurer : Global AuthenticationManager configured with AuthenticationProvider bean with name authenticationProvider
2026-03-24T01:21:05.348+05:30  WARN 12240 --- [auth-module] [restartedMain] r$InitializeUserDetailsManagerConfigurer : Global AuthenticationManager configured with an AuthenticationProvider bean. UserDetailsService beans will not be used by Spring Security for automatically configuring username/password login. Consider removing the AuthenticationProvider bean. Alternatively, consider using the UserDetailsService in a manually instantiated DaoAuthenticationProvider. If the current configuration is intentional, to turn off this warning, increase the logging level of 'org.springframework.security.config.annotation.authentication.configuration.InitializeUserDetailsBeanManagerConfigurer' to ERROR
2026-03-24T01:21:05.400+05:30  WARN 12240 --- [auth-module] [restartedMain] JpaBaseConfiguration$JpaWebConfiguration : spring.jpa.open-in-view is enabled by default. Therefore, database queries may be performed during view rendering. Explicitly configure spring.jpa.open-in-view to disable this warning
2026-03-24T01:21:07.237+05:30  INFO 12240 --- [auth-module] [restartedMain] o.s.cloud.commons.util.InetUtils         : Cannot determine local hostname
2026-03-24T01:21:08.315+05:30  INFO 12240 --- [auth-module] [restartedMain] o.s.cloud.commons.util.InetUtils         : Cannot determine local hostname
2026-03-24T01:21:08.348+05:30  INFO 12240 --- [auth-module] [restartedMain] DiscoveryClientOptionalArgsConfiguration : Eureka HTTP Client uses RestClient.
2026-03-24T01:21:08.403+05:30  WARN 12240 --- [auth-module] [restartedMain] iguration$LoadBalancerCaffeineWarnLogger : Spring Cloud LoadBalancer is currently working with the default cache. While this cache implementation is useful for development and tests, it's recommended to use Caffeine cache in production.You can switch to using Caffeine cache, by adding it and org.springframework.cache.caffeine.CaffeineCacheManager to the classpath.
2026-03-24T01:21:08.488+05:30  INFO 12240 --- [auth-module] [restartedMain] o.s.c.n.eureka.InstanceInfoFactory       : Setting initial instance status as: STARTING
2026-03-24T01:21:08.517+05:30  INFO 12240 --- [auth-module] [restartedMain] com.netflix.discovery.DiscoveryClient    : Initializing Eureka in region us-east-1
2026-03-24T01:21:08.525+05:30  INFO 12240 --- [auth-module] [restartedMain] c.n.d.s.r.aws.ConfigClusterResolver      : Resolving eureka endpoints via configuration
2026-03-24T01:21:08.537+05:30  INFO 12240 --- [auth-module] [restartedMain] com.netflix.discovery.DiscoveryClient    : Disable delta property : false
2026-03-24T01:21:08.537+05:30  INFO 12240 --- [auth-module] [restartedMain] com.netflix.discovery.DiscoveryClient    : Single vip registry refresh property : null
2026-03-24T01:21:08.537+05:30  INFO 12240 --- [auth-module] [restartedMain] com.netflix.discovery.DiscoveryClient    : Force full registry fetch : false
2026-03-24T01:21:08.538+05:30  INFO 12240 --- [auth-module] [restartedMain] com.netflix.discovery.DiscoveryClient    : Application is null : false
2026-03-24T01:21:08.538+05:30  INFO 12240 --- [auth-module] [restartedMain] com.netflix.discovery.DiscoveryClient    : Registered Applications size is zero : true
2026-03-24T01:21:08.538+05:30  INFO 12240 --- [auth-module] [restartedMain] com.netflix.discovery.DiscoveryClient    : Application version is -1: true
2026-03-24T01:21:08.538+05:30  INFO 12240 --- [auth-module] [restartedMain] com.netflix.discovery.DiscoveryClient    : Getting all instance registry info from the eureka server
2026-03-24T01:21:08.999+05:30  INFO 12240 --- [auth-module] [restartedMain] com.netflix.discovery.DiscoveryClient    : The response status is 200
2026-03-24T01:21:09.001+05:30  INFO 12240 --- [auth-module] [restartedMain] com.netflix.discovery.DiscoveryClient    : Starting heartbeat executor: renew interval is: 30
2026-03-24T01:21:09.003+05:30  INFO 12240 --- [auth-module] [restartedMain] c.n.discovery.InstanceInfoReplicator     : InstanceInfoReplicator onDemand update allowed rate per min is 4
2026-03-24T01:21:09.005+05:30  INFO 12240 --- [auth-module] [restartedMain] com.netflix.discovery.DiscoveryClient    : Discovery Client initialized at timestamp 1774295469005 with initial instances count: 1
2026-03-24T01:21:09.014+05:30  INFO 12240 --- [auth-module] [restartedMain] o.s.c.n.e.s.EurekaServiceRegistry        : Registering application AUTH-MODULE with eureka with status UP
2026-03-24T01:21:09.014+05:30  INFO 12240 --- [auth-module] [restartedMain] com.netflix.discovery.DiscoveryClient    : Saw local status change event StatusChangeEvent [timestamp=1774295469014, current=UP, previous=STARTING]
2026-03-24T01:21:09.016+05:30  INFO 12240 --- [auth-module] [DiscoveryClient-InstanceInfoReplicator-%d] com.netflix.discovery.DiscoveryClient    : DiscoveryClient_AUTH-MODULE/localhost:auth-module:8091: registering service...
2026-03-24T01:21:09.040+05:30  INFO 12240 --- [auth-module] [restartedMain] o.s.boot.tomcat.TomcatWebServer          : Tomcat started on port 8091 (http) with context path '/'
2026-03-24T01:21:09.041+05:30  INFO 12240 --- [auth-module] [restartedMain] .s.c.n.e.s.EurekaAutoServiceRegistration : Updating port to 8091
2026-03-24T01:21:09.068+05:30  INFO 12240 --- [auth-module] [DiscoveryClient-InstanceInfoReplicator-%d] com.netflix.discovery.DiscoveryClient    : DiscoveryClient_AUTH-MODULE/localhost:auth-module:8091 - registration status: 204
2026-03-24T01:21:10.062+05:30  INFO 12240 --- [auth-module] [restartedMain] o.s.cloud.commons.util.InetUtils         : Cannot determine local hostname
2026-03-24T01:21:10.074+05:30  INFO 12240 --- [auth-module] [restartedMain] com.cck.cck_app.CckAppApplication        : Started CckAppApplication in 14.168 seconds (process running for 15.823)
2026-03-24T01:26:08.553+05:30  INFO 12240 --- [auth-module] [AsyncResolver-bootstrap-executor-%d] c.n.d.s.r.aws.ConfigClusterResolver      : Resolving eureka endpoints via configuration
2026-03-24T01:31:08.568+05:30  INFO 12240 --- [auth-module] [AsyncResolver-bootstrap-executor-%d] c.n.d.s.r.aws.ConfigClusterResolver      : Resolving eureka endpoints via configuration
2026-03-24T01:36:08.584+05:30  INFO 12240 --- [auth-module] [AsyncResolver-bootstrap-executor-%d] c.n.d.s.r.aws.ConfigClusterResolver      : Resolving eureka endpoints via configuration
2026-03-24T01:41:08.600+05:30  INFO 12240 --- [auth-module] [AsyncResolver-bootstrap-executor-%d] c.n.d.s.r.aws.ConfigClusterResolver      : Resolving eureka endpoints via configuration
2026-03-24T01:46:04.340+05:30  INFO 12240 --- [auth-module] [http-nio-8091-exec-1] o.a.c.c.C.[Tomcat].[localhost].[/]       : Initializing Spring DispatcherServlet 'dispatcherServlet'
2026-03-24T01:46:04.341+05:30  INFO 12240 --- [auth-module] [http-nio-8091-exec-1] o.s.web.servlet.DispatcherServlet        : Initializing Servlet 'dispatcherServlet'
2026-03-24T01:46:04.345+05:30  INFO 12240 --- [auth-module] [http-nio-8091-exec-1] o.s.web.servlet.DispatcherServlet        : Completed initialization in 3 ms
2026-03-24T01:46:04.541+05:30  INFO 12240 --- [auth-module] [http-nio-8091-exec-1] com.cck.cck_app.aspect.LoggingAspect     : METHOD CALLED → Class: com.cck.cck_app.rest.AuthController | Method: login | User: anonymousUser | IP: 127.0.0.1 | Time: 2026-03-24T01:46:04.540292600
2026-03-24T01:46:04.659+05:30  INFO 12240 --- [auth-module] [http-nio-8091-exec-1] com.cck.cck_app.aspect.LoggingAspect     : METHOD CALLED → Class: com.cck.cck_app.service.UserDetailServiceAuth | Method: loadUserByUsername | User: anonymousUser | IP: 127.0.0.1 | Time: 2026-03-24T01:46:04.659303100
2026-03-24T01:46:05.814+05:30  INFO 12240 --- [auth-module] [http-nio-8091-exec-1] com.cck.cck_app.aspect.LoggingAspect     : METHOD SUCCESS → com.cck.cck_app.service.UserDetailServiceAuth.loadUserByUsername | Execution Time: 1007 ms
2026-03-24T01:46:05.933+05:30  INFO 12240 --- [auth-module] [http-nio-8091-exec-1] com.cck.cck_app.aspect.LoggingAspect     : METHOD CALLED → Class: com.cck.cck_app.service.UserDetailServiceAuth | Method: loadUserByUsername | User: anonymousUser | IP: 127.0.0.1 | Time: 2026-03-24T01:46:05.933717700
2026-03-24T01:46:05.942+05:30  INFO 12240 --- [auth-module] [http-nio-8091-exec-1] com.cck.cck_app.aspect.LoggingAspect     : METHOD SUCCESS → com.cck.cck_app.service.UserDetailServiceAuth.loadUserByUsername | Execution Time: 3 ms
2026-03-24T01:46:06.055+05:30  INFO 12240 --- [auth-module] [http-nio-8091-exec-1] com.cck.cck_app.aspect.LoggingAspect     : METHOD CALLED → Class: com.cck.cck_app.service.UserDetailServiceAuth | Method: storeRefreshToken | User: anonymousUser | IP: 127.0.0.1 | Time: 2026-03-24T01:46:06.054975800
2026-03-24T01:46:06.137+05:30  INFO 12240 --- [auth-module] [http-nio-8091-exec-1] com.cck.cck_app.aspect.LoggingAspect     : METHOD SUCCESS → com.cck.cck_app.service.UserDetailServiceAuth.storeRefreshToken | Execution Time: 74 ms
2026-03-24T01:46:06.145+05:30  INFO 12240 --- [auth-module] [http-nio-8091-exec-1] com.cck.cck_app.aspect.LoggingAspect     : METHOD SUCCESS → com.cck.cck_app.rest.AuthController.login | Execution Time: 1598 ms
2026-03-24T01:46:08.607+05:30  INFO 12240 --- [auth-module] [AsyncResolver-bootstrap-executor-%d] c.n.d.s.r.aws.ConfigClusterResolver      : Resolving eureka endpoints via configuration
2026-03-24T01:51:08.613+05:30  INFO 12240 --- [auth-module] [AsyncResolver-bootstrap-executor-%d] c.n.d.s.r.aws.ConfigClusterResolver      : Resolving eureka endpoints via configuration
2026-03-24T01:56:08.622+05:30  INFO 12240 --- [auth-module] [AsyncResolver-bootstrap-executor-%d] c.n.d.s.r.aws.ConfigClusterResolver      : Resolving eureka endpoints via configuration
2026-03-24T02:01:08.627+05:30  INFO 12240 --- [auth-module] [AsyncResolver-bootstrap-executor-%d] c.n.d.s.r.aws.ConfigClusterResolver      : Resolving eureka endpoints via configuration
2026-03-24T02:02:04.878+05:30  INFO 12240 --- [auth-module] [SpringApplicationShutdownHook] o.s.c.n.e.s.EurekaServiceRegistry        : Unregistering application AUTH-MODULE with eureka with status DOWN
2026-03-24T02:02:04.878+05:30  INFO 12240 --- [auth-module] [SpringApplicationShutdownHook] com.netflix.discovery.DiscoveryClient    : Saw local status change event StatusChangeEvent [timestamp=1774297924878, current=DOWN, previous=UP]
2026-03-24T02:02:04.879+05:30  INFO 12240 --- [auth-module] [DiscoveryClient-InstanceInfoReplicator-%d] com.netflix.discovery.DiscoveryClient    : DiscoveryClient_AUTH-MODULE/localhost:auth-module:8091: registering service...
2026-03-24T02:02:04.884+05:30  INFO 12240 --- [auth-module] [SpringApplicationShutdownHook] o.s.boot.tomcat.GracefulShutdown         : Commencing graceful shutdown. Waiting for active requests to complete
2026-03-24T02:02:04.910+05:30  INFO 12240 --- [auth-module] [DiscoveryClient-InstanceInfoReplicator-%d] com.netflix.discovery.DiscoveryClient    : DiscoveryClient_AUTH-MODULE/localhost:auth-module:8091 - registration status: 204
2026-03-24T02:02:04.910+05:30  INFO 12240 --- [auth-module] [tomcat-shutdown] o.s.boot.tomcat.GracefulShutdown         : Graceful shutdown complete
2026-03-24T02:02:04.922+05:30  INFO 12240 --- [auth-module] [SpringApplicationShutdownHook] j.LocalContainerEntityManagerFactoryBean : Closing JPA EntityManagerFactory for persistence unit 'default'
2026-03-24T02:02:04.926+05:30  INFO 12240 --- [auth-module] [SpringApplicationShutdownHook] com.zaxxer.hikari.HikariDataSource       : HikariPool-1 - Shutdown initiated...
2026-03-24T02:02:04.937+05:30  INFO 12240 --- [auth-module] [SpringApplicationShutdownHook] com.zaxxer.hikari.HikariDataSource       : HikariPool-1 - Shutdown completed.
2026-03-24T02:02:04.940+05:30  INFO 12240 --- [auth-module] [SpringApplicationShutdownHook] com.netflix.discovery.DiscoveryClient    : Shutting down DiscoveryClient ...
2026-03-24T02:02:07.948+05:30  INFO 12240 --- [auth-module] [SpringApplicationShutdownHook] com.netflix.discovery.DiscoveryClient    : Unregistering ...
2026-03-24T02:02:08.203+05:30  INFO 12240 --- [auth-module] [SpringApplicationShutdownHook] com.netflix.discovery.DiscoveryClient    : DiscoveryClient_AUTH-MODULE/localhost:auth-module:8091 - deregister  status: 200
2026-03-24T02:02:08.204+05:30  INFO 12240 --- [auth-module] [SpringApplicationShutdownHook] com.netflix.discovery.DiscoveryClient    : Completed shut down of DiscoveryClient
2026-03-24T02:37:02.705+05:30  INFO 15680 --- [auth-module] [restartedMain] com.cck.cck_app.CckAppApplication        : Starting CckAppApplication using Java 21.0.8 with PID 15680 (D:\ideaProjectjava\cch-p\auth-module\target\classes started by Deneth in D:\ideaProjectjava\cch-p\auth-module)
2026-03-24T02:37:02.813+05:30  INFO 15680 --- [auth-module] [restartedMain] com.cck.cck_app.CckAppApplication        : No active profile set, falling back to 1 default profile: "default"
2026-03-24T02:37:02.885+05:30  INFO 15680 --- [auth-module] [restartedMain] .e.DevToolsPropertyDefaultsPostProcessor : Devtools property defaults active! Set 'spring.devtools.add-properties' to 'false' to disable
2026-03-24T02:37:02.885+05:30  INFO 15680 --- [auth-module] [restartedMain] .e.DevToolsPropertyDefaultsPostProcessor : For additional web related logging consider setting the 'logging.level.web' property to 'DEBUG'
2026-03-24T02:37:03.723+05:30  INFO 15680 --- [auth-module] [restartedMain] .s.d.r.c.RepositoryConfigurationDelegate : Bootstrapping Spring Data JPA repositories in DEFAULT mode.
2026-03-24T02:37:03.864+05:30  INFO 15680 --- [auth-module] [restartedMain] .s.d.r.c.RepositoryConfigurationDelegate : Finished Spring Data repository scanning in 130 ms. Found 4 JPA repository interfaces.
2026-03-24T02:37:04.145+05:30  INFO 15680 --- [auth-module] [restartedMain] o.s.cloud.context.scope.GenericScope     : BeanFactory id=e2ea1678-956b-31d9-973f-07db37432e65
2026-03-24T02:37:04.862+05:30  INFO 15680 --- [auth-module] [restartedMain] o.s.boot.tomcat.TomcatWebServer          : Tomcat initialized with port 8091 (http)
2026-03-24T02:37:04.877+05:30  INFO 15680 --- [auth-module] [restartedMain] o.apache.catalina.core.StandardService   : Starting service [Tomcat]
2026-03-24T02:37:04.877+05:30  INFO 15680 --- [auth-module] [restartedMain] o.apache.catalina.core.StandardEngine    : Starting Servlet engine: [Apache Tomcat/11.0.15]
2026-03-24T02:37:04.941+05:30  INFO 15680 --- [auth-module] [restartedMain] b.w.c.s.WebApplicationContextInitializer : Root WebApplicationContext: initialization completed in 2054 ms
2026-03-24T02:37:05.041+05:30  INFO 15680 --- [auth-module] [restartedMain] com.zaxxer.hikari.HikariDataSource       : HikariPool-1 - Starting...
2026-03-24T02:37:05.576+05:30  INFO 15680 --- [auth-module] [restartedMain] com.zaxxer.hikari.pool.HikariPool        : HikariPool-1 - Added connection org.postgresql.jdbc.PgConnection@2f315119
2026-03-24T02:37:05.578+05:30  INFO 15680 --- [auth-module] [restartedMain] com.zaxxer.hikari.HikariDataSource       : HikariPool-1 - Start completed.
2026-03-24T02:37:05.691+05:30  INFO 15680 --- [auth-module] [restartedMain] org.hibernate.orm.jpa                    : HHH008540: Processing PersistenceUnitInfo [name: default]
2026-03-24T02:37:05.764+05:30  INFO 15680 --- [auth-module] [restartedMain] org.hibernate.orm.core                   : HHH000001: Hibernate ORM core version 7.2.0.Final
2026-03-24T02:37:06.339+05:30  INFO 15680 --- [auth-module] [restartedMain] o.s.o.j.p.SpringPersistenceUnitInfo      : No LoadTimeWeaver setup: ignoring JPA class transformer
2026-03-24T02:37:06.660+05:30  WARN 15680 --- [auth-module] [restartedMain] org.hibernate.orm.deprecation            : HHH90000025: PostgreSQLDialect does not need to be specified explicitly using 'hibernate.dialect' (remove the property setting and it will be selected by default)
2026-03-24T02:37:06.736+05:30  INFO 15680 --- [auth-module] [restartedMain] org.hibernate.orm.connections.pooling    : HHH10001005: Database info:
	Database JDBC URL [jdbc:postgresql://localhost:5432/cck_auth_db?ssl=false&currentSchema=public]
	Database driver: PostgreSQL JDBC Driver
	Database dialect: PostgreSQLDialect
	Database version: 18.1
	Default catalog/schema: cck_auth_db/public
	Autocommit mode: undefined/unknown
	Isolation level: READ_COMMITTED [default READ_COMMITTED]
	JDBC fetch size: none
	Pool: DataSourceConnectionProvider
	Minimum pool size: undefined/unknown
	Maximum pool size: undefined/unknown
2026-03-24T02:37:07.909+05:30  INFO 15680 --- [auth-module] [restartedMain] org.hibernate.orm.core                   : HHH000489: No JTA platform available (set 'hibernate.transaction.jta.platform' to enable JTA platform integration)
2026-03-24T02:37:08.187+05:30  INFO 15680 --- [auth-module] [restartedMain] j.LocalContainerEntityManagerFactoryBean : Initialized JPA EntityManagerFactory for persistence unit 'default'
2026-03-24T02:37:08.335+05:30  INFO 15680 --- [auth-module] [restartedMain] o.s.d.j.r.query.QueryEnhancerFactories   : Hibernate is in classpath; If applicable, HQL parser will be used.
2026-03-24T02:37:08.832+05:30  INFO 15680 --- [auth-module] [restartedMain] eAuthenticationProviderManagerConfigurer : Global AuthenticationManager configured with AuthenticationProvider bean with name authenticationProvider
2026-03-24T02:37:08.833+05:30  WARN 15680 --- [auth-module] [restartedMain] r$InitializeUserDetailsManagerConfigurer : Global AuthenticationManager configured with an AuthenticationProvider bean. UserDetailsService beans will not be used by Spring Security for automatically configuring username/password login. Consider removing the AuthenticationProvider bean. Alternatively, consider using the UserDetailsService in a manually instantiated DaoAuthenticationProvider. If the current configuration is intentional, to turn off this warning, increase the logging level of 'org.springframework.security.config.annotation.authentication.configuration.InitializeUserDetailsBeanManagerConfigurer' to ERROR
2026-03-24T02:37:08.884+05:30  WARN 15680 --- [auth-module] [restartedMain] JpaBaseConfiguration$JpaWebConfiguration : spring.jpa.open-in-view is enabled by default. Therefore, database queries may be performed during view rendering. Explicitly configure spring.jpa.open-in-view to disable this warning
2026-03-24T02:37:10.713+05:30  INFO 15680 --- [auth-module] [restartedMain] o.s.cloud.commons.util.InetUtils         : Cannot determine local hostname
2026-03-24T02:37:11.793+05:30  INFO 15680 --- [auth-module] [restartedMain] o.s.cloud.commons.util.InetUtils         : Cannot determine local hostname
2026-03-24T02:37:11.860+05:30  INFO 15680 --- [auth-module] [restartedMain] DiscoveryClientOptionalArgsConfiguration : Eureka HTTP Client uses RestClient.
2026-03-24T02:37:11.913+05:30  WARN 15680 --- [auth-module] [restartedMain] iguration$LoadBalancerCaffeineWarnLogger : Spring Cloud LoadBalancer is currently working with the default cache. While this cache implementation is useful for development and tests, it's recommended to use Caffeine cache in production.You can switch to using Caffeine cache, by adding it and org.springframework.cache.caffeine.CaffeineCacheManager to the classpath.
2026-03-24T02:37:11.993+05:30  INFO 15680 --- [auth-module] [restartedMain] o.s.c.n.eureka.InstanceInfoFactory       : Setting initial instance status as: STARTING
2026-03-24T02:37:12.022+05:30  INFO 15680 --- [auth-module] [restartedMain] com.netflix.discovery.DiscoveryClient    : Initializing Eureka in region us-east-1
2026-03-24T02:37:12.027+05:30  INFO 15680 --- [auth-module] [restartedMain] c.n.d.s.r.aws.ConfigClusterResolver      : Resolving eureka endpoints via configuration
2026-03-24T02:37:12.038+05:30  INFO 15680 --- [auth-module] [restartedMain] com.netflix.discovery.DiscoveryClient    : Disable delta property : false
2026-03-24T02:37:12.038+05:30  INFO 15680 --- [auth-module] [restartedMain] com.netflix.discovery.DiscoveryClient    : Single vip registry refresh property : null
2026-03-24T02:37:12.039+05:30  INFO 15680 --- [auth-module] [restartedMain] com.netflix.discovery.DiscoveryClient    : Force full registry fetch : false
2026-03-24T02:37:12.039+05:30  INFO 15680 --- [auth-module] [restartedMain] com.netflix.discovery.DiscoveryClient    : Application is null : false
2026-03-24T02:37:12.039+05:30  INFO 15680 --- [auth-module] [restartedMain] com.netflix.discovery.DiscoveryClient    : Registered Applications size is zero : true
2026-03-24T02:37:12.039+05:30  INFO 15680 --- [auth-module] [restartedMain] com.netflix.discovery.DiscoveryClient    : Application version is -1: true
2026-03-24T02:37:12.039+05:30  INFO 15680 --- [auth-module] [restartedMain] com.netflix.discovery.DiscoveryClient    : Getting all instance registry info from the eureka server
2026-03-24T02:37:12.437+05:30  INFO 15680 --- [auth-module] [restartedMain] com.netflix.discovery.DiscoveryClient    : The response status is 200
2026-03-24T02:37:12.439+05:30  INFO 15680 --- [auth-module] [restartedMain] com.netflix.discovery.DiscoveryClient    : Starting heartbeat executor: renew interval is: 30
2026-03-24T02:37:12.441+05:30  INFO 15680 --- [auth-module] [restartedMain] c.n.discovery.InstanceInfoReplicator     : InstanceInfoReplicator onDemand update allowed rate per min is 4
2026-03-24T02:37:12.443+05:30  INFO 15680 --- [auth-module] [restartedMain] com.netflix.discovery.DiscoveryClient    : Discovery Client initialized at timestamp 1774300032442 with initial instances count: 1
2026-03-24T02:37:12.450+05:30  INFO 15680 --- [auth-module] [restartedMain] o.s.c.n.e.s.EurekaServiceRegistry        : Registering application AUTH-MODULE with eureka with status UP
2026-03-24T02:37:12.451+05:30  INFO 15680 --- [auth-module] [restartedMain] com.netflix.discovery.DiscoveryClient    : Saw local status change event StatusChangeEvent [timestamp=1774300032451, current=UP, previous=STARTING]
2026-03-24T02:37:12.453+05:30  INFO 15680 --- [auth-module] [DiscoveryClient-InstanceInfoReplicator-%d] com.netflix.discovery.DiscoveryClient    : DiscoveryClient_AUTH-MODULE/localhost:auth-module:8091: registering service...
2026-03-24T02:37:12.480+05:30  INFO 15680 --- [auth-module] [restartedMain] o.s.boot.tomcat.TomcatWebServer          : Tomcat started on port 8091 (http) with context path '/'
2026-03-24T02:37:12.481+05:30  INFO 15680 --- [auth-module] [restartedMain] .s.c.n.e.s.EurekaAutoServiceRegistration : Updating port to 8091
2026-03-24T02:37:12.506+05:30  INFO 15680 --- [auth-module] [DiscoveryClient-InstanceInfoReplicator-%d] com.netflix.discovery.DiscoveryClient    : DiscoveryClient_AUTH-MODULE/localhost:auth-module:8091 - registration status: 204
2026-03-24T02:37:13.510+05:30  INFO 15680 --- [auth-module] [restartedMain] o.s.cloud.commons.util.InetUtils         : Cannot determine local hostname
2026-03-24T02:37:13.518+05:30  INFO 15680 --- [auth-module] [restartedMain] com.cck.cck_app.CckAppApplication        : Started CckAppApplication in 12.383 seconds (process running for 14.648)
2026-03-24T02:37:31.920+05:30  INFO 15680 --- [auth-module] [File Watcher] rtingClassPathChangeChangedEventListener : Restarting due to 1 class path change (0 additions, 0 deletions, 1 modification)
2026-03-24T02:37:31.923+05:30  INFO 15680 --- [auth-module] [Thread-1] o.s.c.n.e.s.EurekaServiceRegistry        : Unregistering application AUTH-MODULE with eureka with status DOWN
2026-03-24T02:37:31.923+05:30  INFO 15680 --- [auth-module] [Thread-1] com.netflix.discovery.DiscoveryClient    : Saw local status change event StatusChangeEvent [timestamp=1774300051923, current=DOWN, previous=UP]
2026-03-24T02:37:31.924+05:30  INFO 15680 --- [auth-module] [DiscoveryClient-InstanceInfoReplicator-%d] com.netflix.discovery.DiscoveryClient    : DiscoveryClient_AUTH-MODULE/localhost:auth-module:8091: registering service...
2026-03-24T02:37:31.928+05:30  INFO 15680 --- [auth-module] [Thread-1] o.s.boot.tomcat.GracefulShutdown         : Commencing graceful shutdown. Waiting for active requests to complete
2026-03-24T02:37:31.936+05:30  INFO 15680 --- [auth-module] [DiscoveryClient-InstanceInfoReplicator-%d] com.netflix.discovery.DiscoveryClient    : DiscoveryClient_AUTH-MODULE/localhost:auth-module:8091 - registration status: 204
2026-03-24T02:37:31.952+05:30  INFO 15680 --- [auth-module] [tomcat-shutdown] o.s.boot.tomcat.GracefulShutdown         : Graceful shutdown complete
2026-03-24T02:37:31.961+05:30  INFO 15680 --- [auth-module] [Thread-1] j.LocalContainerEntityManagerFactoryBean : Closing JPA EntityManagerFactory for persistence unit 'default'
2026-03-24T02:37:31.965+05:30  INFO 15680 --- [auth-module] [Thread-1] com.zaxxer.hikari.HikariDataSource       : HikariPool-1 - Shutdown initiated...
2026-03-24T02:37:31.969+05:30  INFO 15680 --- [auth-module] [Thread-1] com.zaxxer.hikari.HikariDataSource       : HikariPool-1 - Shutdown completed.
2026-03-24T02:37:31.971+05:30  INFO 15680 --- [auth-module] [Thread-1] com.netflix.discovery.DiscoveryClient    : Shutting down DiscoveryClient ...
2026-03-24T02:37:34.981+05:30  INFO 15680 --- [auth-module] [Thread-1] com.netflix.discovery.DiscoveryClient    : Unregistering ...
2026-03-24T02:37:35.008+05:30  INFO 15680 --- [auth-module] [Thread-1] com.netflix.discovery.DiscoveryClient    : DiscoveryClient_AUTH-MODULE/localhost:auth-module:8091 - deregister  status: 200
2026-03-24T02:37:35.009+05:30  INFO 15680 --- [auth-module] [Thread-1] com.netflix.discovery.DiscoveryClient    : Completed shut down of DiscoveryClient
2026-03-24T02:37:36.226+05:30  INFO 15680 --- [auth-module] [restartedMain] com.cck.cck_app.CckAppApplication        : Starting CckAppApplication using Java 21.0.8 with PID 15680 (D:\ideaProjectjava\cch-p\auth-module\target\classes started by Deneth in D:\ideaProjectjava\cch-p\auth-module)
2026-03-24T02:37:36.227+05:30  INFO 15680 --- [auth-module] [restartedMain] com.cck.cck_app.CckAppApplication        : No active profile set, falling back to 1 default profile: "default"
2026-03-24T02:37:36.757+05:30  INFO 15680 --- [auth-module] [restartedMain] .s.d.r.c.RepositoryConfigurationDelegate : Bootstrapping Spring Data JPA repositories in DEFAULT mode.
2026-03-24T02:37:36.776+05:30  INFO 15680 --- [auth-module] [restartedMain] .s.d.r.c.RepositoryConfigurationDelegate : Finished Spring Data repository scanning in 17 ms. Found 4 JPA repository interfaces.
2026-03-24T02:37:36.911+05:30  INFO 15680 --- [auth-module] [restartedMain] o.s.cloud.context.scope.GenericScope     : BeanFactory id=e2ea1678-956b-31d9-973f-07db37432e65
2026-03-24T02:37:37.203+05:30  INFO 15680 --- [auth-module] [restartedMain] o.s.boot.tomcat.TomcatWebServer          : Tomcat initialized with port 8091 (http)
2026-03-24T02:37:37.205+05:30  INFO 15680 --- [auth-module] [restartedMain] o.apache.catalina.core.StandardService   : Starting service [Tomcat]
2026-03-24T02:37:37.205+05:30  INFO 15680 --- [auth-module] [restartedMain] o.apache.catalina.core.StandardEngine    : Starting Servlet engine: [Apache Tomcat/11.0.15]
2026-03-24T02:37:37.246+05:30  INFO 15680 --- [auth-module] [restartedMain] b.w.c.s.WebApplicationContextInitializer : Root WebApplicationContext: initialization completed in 1015 ms
2026-03-24T02:37:37.295+05:30  INFO 15680 --- [auth-module] [restartedMain] com.zaxxer.hikari.HikariDataSource       : HikariPool-2 - Starting...
2026-03-24T02:37:37.483+05:30  INFO 15680 --- [auth-module] [restartedMain] com.zaxxer.hikari.pool.HikariPool        : HikariPool-2 - Added connection org.postgresql.jdbc.PgConnection@4ef8fa5
2026-03-24T02:37:37.483+05:30  INFO 15680 --- [auth-module] [restartedMain] com.zaxxer.hikari.HikariDataSource       : HikariPool-2 - Start completed.
2026-03-24T02:37:37.513+05:30  INFO 15680 --- [auth-module] [restartedMain] org.hibernate.orm.jpa                    : HHH008540: Processing PersistenceUnitInfo [name: default]
2026-03-24T02:37:37.560+05:30  INFO 15680 --- [auth-module] [restartedMain] o.s.o.j.p.SpringPersistenceUnitInfo      : No LoadTimeWeaver setup: ignoring JPA class transformer
2026-03-24T02:37:37.572+05:30  WARN 15680 --- [auth-module] [restartedMain] org.hibernate.orm.deprecation            : HHH90000025: PostgreSQLDialect does not need to be specified explicitly using 'hibernate.dialect' (remove the property setting and it will be selected by default)
2026-03-24T02:37:37.582+05:30  INFO 15680 --- [auth-module] [restartedMain] org.hibernate.orm.connections.pooling    : HHH10001005: Database info:
	Database JDBC URL [jdbc:postgresql://localhost:5432/cck_auth_db?ssl=false&currentSchema=public]
	Database driver: PostgreSQL JDBC Driver
	Database dialect: PostgreSQLDialect
	Database version: 18.1
	Default catalog/schema: cck_auth_db/public
	Autocommit mode: undefined/unknown
	Isolation level: READ_COMMITTED [default READ_COMMITTED]
	JDBC fetch size: none
	Pool: DataSourceConnectionProvider
	Minimum pool size: undefined/unknown
	Maximum pool size: undefined/unknown
2026-03-24T02:37:37.775+05:30  INFO 15680 --- [auth-module] [restartedMain] org.hibernate.orm.core                   : HHH000489: No JTA platform available (set 'hibernate.transaction.jta.platform' to enable JTA platform integration)
2026-03-24T02:37:37.877+05:30  INFO 15680 --- [auth-module] [restartedMain] j.LocalContainerEntityManagerFactoryBean : Initialized JPA EntityManagerFactory for persistence unit 'default'
2026-03-24T02:37:38.412+05:30  INFO 15680 --- [auth-module] [restartedMain] eAuthenticationProviderManagerConfigurer : Global AuthenticationManager configured with AuthenticationProvider bean with name authenticationProvider
2026-03-24T02:37:38.413+05:30  WARN 15680 --- [auth-module] [restartedMain] r$InitializeUserDetailsManagerConfigurer : Global AuthenticationManager configured with an AuthenticationProvider bean. UserDetailsService beans will not be used by Spring Security for automatically configuring username/password login. Consider removing the AuthenticationProvider bean. Alternatively, consider using the UserDetailsService in a manually instantiated DaoAuthenticationProvider. If the current configuration is intentional, to turn off this warning, increase the logging level of 'org.springframework.security.config.annotation.authentication.configuration.InitializeUserDetailsBeanManagerConfigurer' to ERROR
2026-03-24T02:37:38.453+05:30  WARN 15680 --- [auth-module] [restartedMain] JpaBaseConfiguration$JpaWebConfiguration : spring.jpa.open-in-view is enabled by default. Therefore, database queries may be performed during view rendering. Explicitly configure spring.jpa.open-in-view to disable this warning
2026-03-24T02:37:40.451+05:30  INFO 15680 --- [auth-module] [restartedMain] o.s.cloud.commons.util.InetUtils         : Cannot determine local hostname
2026-03-24T02:37:41.503+05:30  INFO 15680 --- [auth-module] [restartedMain] o.s.cloud.commons.util.InetUtils         : Cannot determine local hostname
2026-03-24T02:37:41.544+05:30  INFO 15680 --- [auth-module] [restartedMain] DiscoveryClientOptionalArgsConfiguration : Eureka HTTP Client uses RestClient.
2026-03-24T02:37:41.577+05:30  WARN 15680 --- [auth-module] [restartedMain] iguration$LoadBalancerCaffeineWarnLogger : Spring Cloud LoadBalancer is currently working with the default cache. While this cache implementation is useful for development and tests, it's recommended to use Caffeine cache in production.You can switch to using Caffeine cache, by adding it and org.springframework.cache.caffeine.CaffeineCacheManager to the classpath.
2026-03-24T02:37:41.608+05:30  INFO 15680 --- [auth-module] [restartedMain] o.s.c.n.eureka.InstanceInfoFactory       : Setting initial instance status as: STARTING
2026-03-24T02:37:41.611+05:30  INFO 15680 --- [auth-module] [restartedMain] com.netflix.discovery.DiscoveryClient    : Initializing Eureka in region us-east-1
2026-03-24T02:37:41.611+05:30  INFO 15680 --- [auth-module] [restartedMain] c.n.d.s.r.aws.ConfigClusterResolver      : Resolving eureka endpoints via configuration
2026-03-24T02:37:41.612+05:30  INFO 15680 --- [auth-module] [restartedMain] com.netflix.discovery.DiscoveryClient    : Disable delta property : false
2026-03-24T02:37:41.612+05:30  INFO 15680 --- [auth-module] [restartedMain] com.netflix.discovery.DiscoveryClient    : Single vip registry refresh property : null
2026-03-24T02:37:41.612+05:30  INFO 15680 --- [auth-module] [restartedMain] com.netflix.discovery.DiscoveryClient    : Force full registry fetch : false
2026-03-24T02:37:41.612+05:30  INFO 15680 --- [auth-module] [restartedMain] com.netflix.discovery.DiscoveryClient    : Application is null : false
2026-03-24T02:37:41.612+05:30  INFO 15680 --- [auth-module] [restartedMain] com.netflix.discovery.DiscoveryClient    : Registered Applications size is zero : true
2026-03-24T02:37:41.612+05:30  INFO 15680 --- [auth-module] [restartedMain] com.netflix.discovery.DiscoveryClient    : Application version is -1: true
2026-03-24T02:37:41.612+05:30  INFO 15680 --- [auth-module] [restartedMain] com.netflix.discovery.DiscoveryClient    : Getting all instance registry info from the eureka server
2026-03-24T02:37:41.629+05:30  INFO 15680 --- [auth-module] [restartedMain] com.netflix.discovery.DiscoveryClient    : The response status is 200
2026-03-24T02:37:41.629+05:30  INFO 15680 --- [auth-module] [restartedMain] com.netflix.discovery.DiscoveryClient    : Starting heartbeat executor: renew interval is: 30
2026-03-24T02:37:41.630+05:30  INFO 15680 --- [auth-module] [restartedMain] c.n.discovery.InstanceInfoReplicator     : InstanceInfoReplicator onDemand update allowed rate per min is 4
2026-03-24T02:37:41.630+05:30  INFO 15680 --- [auth-module] [restartedMain] com.netflix.discovery.DiscoveryClient    : Discovery Client initialized at timestamp 1774300061630 with initial instances count: 2
2026-03-24T02:37:41.637+05:30  INFO 15680 --- [auth-module] [restartedMain] o.s.c.n.e.s.EurekaServiceRegistry        : Registering application AUTH-MODULE with eureka with status UP
2026-03-24T02:37:41.637+05:30  INFO 15680 --- [auth-module] [restartedMain] com.netflix.discovery.DiscoveryClient    : Saw local status change event StatusChangeEvent [timestamp=1774300061637, current=UP, previous=STARTING]
2026-03-24T02:37:41.638+05:30  INFO 15680 --- [auth-module] [DiscoveryClient-InstanceInfoReplicator-%d] com.netflix.discovery.DiscoveryClient    : DiscoveryClient_AUTH-MODULE/localhost:auth-module:8091: registering service...
2026-03-24T02:37:41.642+05:30  INFO 15680 --- [auth-module] [restartedMain] o.s.boot.tomcat.TomcatWebServer          : Tomcat started on port 8091 (http) with context path '/'
2026-03-24T02:37:41.643+05:30  INFO 15680 --- [auth-module] [restartedMain] .s.c.n.e.s.EurekaAutoServiceRegistration : Updating port to 8091
2026-03-24T02:37:41.656+05:30  INFO 15680 --- [auth-module] [DiscoveryClient-InstanceInfoReplicator-%d] com.netflix.discovery.DiscoveryClient    : DiscoveryClient_AUTH-MODULE/localhost:auth-module:8091 - registration status: 204
2026-03-24T02:37:42.673+05:30  INFO 15680 --- [auth-module] [restartedMain] o.s.cloud.commons.util.InetUtils         : Cannot determine local hostname
2026-03-24T02:37:42.678+05:30  INFO 15680 --- [auth-module] [restartedMain] com.cck.cck_app.CckAppApplication        : Started CckAppApplication in 7.559 seconds (process running for 43.809)
2026-03-24T02:37:42.681+05:30  INFO 15680 --- [auth-module] [restartedMain] .ConditionEvaluationDeltaLoggingListener : Condition evaluation unchanged
2026-03-24T02:37:49.680+05:30  INFO 15680 --- [auth-module] [http-nio-8091-exec-1] o.a.c.c.C.[Tomcat].[localhost].[/]       : Initializing Spring DispatcherServlet 'dispatcherServlet'
2026-03-24T02:37:49.681+05:30  INFO 15680 --- [auth-module] [http-nio-8091-exec-1] o.s.web.servlet.DispatcherServlet        : Initializing Servlet 'dispatcherServlet'
2026-03-24T02:37:49.683+05:30  INFO 15680 --- [auth-module] [http-nio-8091-exec-1] o.s.web.servlet.DispatcherServlet        : Completed initialization in 2 ms
2026-03-24T02:37:49.862+05:30  INFO 15680 --- [auth-module] [http-nio-8091-exec-1] com.cck.cck_app.aspect.LoggingAspect     : METHOD CALLED → Class: com.cck.cck_app.rest.AuthController | Method: login | User: anonymousUser | IP: 127.0.0.1 | Time: 2026-03-24T02:37:49.858748600
2026-03-24T02:37:49.991+05:30  INFO 15680 --- [auth-module] [http-nio-8091-exec-1] com.cck.cck_app.aspect.LoggingAspect     : METHOD CALLED → Class: com.cck.cck_app.service.UserDetailServiceAuth | Method: loadUserByUsername | User: anonymousUser | IP: 127.0.0.1 | Time: 2026-03-24T02:37:49.991920700
2026-03-24T02:37:50.937+05:30 ERROR 15680 --- [auth-module] [http-nio-8091-exec-1] com.cck.cck_app.aspect.LoggingAspect     : METHOD ERROR → com.cck.cck_app.service.UserDetailServiceAuth.loadUserByUsername | Message: Unable to locate Attribute with the given name [roles] on this ManagedType [com.cck.cck_app.entity.User] | Time: 2026-03-24T02:37:49.991920700
2026-03-24T02:37:50.940+05:30 ERROR 15680 --- [auth-module] [http-nio-8091-exec-1] com.cck.cck_app.aspect.LoggingAspect     : METHOD ERROR → com.cck.cck_app.rest.AuthController.login | Message: Unable to locate Attribute with the given name [roles] on this ManagedType [com.cck.cck_app.entity.User] | Time: 2026-03-24T02:37:49.858748600
2026-03-24T02:37:50.943+05:30  INFO 15680 --- [auth-module] [http-nio-8091-exec-1] com.cck.cck_app.aspect.LoggingAspect     : METHOD CALLED → Class: com.cck.cck_app.exceptions.GlobalExceptionHandler | Method: handleUserNotFound | User: anonymousUser | IP: 127.0.0.1 | Time: 2026-03-24T02:37:50.943578100
2026-03-24T02:37:50.970+05:30  INFO 15680 --- [auth-module] [http-nio-8091-exec-1] com.cck.cck_app.aspect.LoggingAspect     : METHOD SUCCESS → com.cck.cck_app.exceptions.GlobalExceptionHandler.handleUserNotFound | Execution Time: 10 ms
2026-03-24T02:37:51.031+05:30  WARN 15680 --- [auth-module] [http-nio-8091-exec-1] .m.m.a.ExceptionHandlerExceptionResolver : Resolved [org.springframework.security.authentication.InternalAuthenticationServiceException: Unable to locate Attribute with the given name [roles] on this ManagedType [com.cck.cck_app.entity.User]]
2026-03-24T02:42:41.627+05:30  INFO 15680 --- [auth-module] [AsyncResolver-bootstrap-executor-%d] c.n.d.s.r.aws.ConfigClusterResolver      : Resolving eureka endpoints via configuration
2026-03-24T02:45:28.822+05:30  INFO 15680 --- [auth-module] [SpringApplicationShutdownHook] o.s.c.n.e.s.EurekaServiceRegistry        : Unregistering application AUTH-MODULE with eureka with status DOWN
2026-03-24T02:45:28.823+05:30  INFO 15680 --- [auth-module] [SpringApplicationShutdownHook] com.netflix.discovery.DiscoveryClient    : Saw local status change event StatusChangeEvent [timestamp=1774300528823, current=DOWN, previous=UP]
2026-03-24T02:45:28.823+05:30  INFO 15680 --- [auth-module] [DiscoveryClient-InstanceInfoReplicator-%d] com.netflix.discovery.DiscoveryClient    : DiscoveryClient_AUTH-MODULE/localhost:auth-module:8091: registering service...
2026-03-24T02:45:28.825+05:30  INFO 15680 --- [auth-module] [SpringApplicationShutdownHook] o.s.boot.tomcat.GracefulShutdown         : Commencing graceful shutdown. Waiting for active requests to complete
2026-03-24T02:45:28.846+05:30  INFO 15680 --- [auth-module] [DiscoveryClient-InstanceInfoReplicator-%d] com.netflix.discovery.DiscoveryClient    : DiscoveryClient_AUTH-MODULE/localhost:auth-module:8091 - registration status: 204
2026-03-24T02:45:28.848+05:30  INFO 15680 --- [auth-module] [tomcat-shutdown] o.s.boot.tomcat.GracefulShutdown         : Graceful shutdown complete
2026-03-24T02:45:28.854+05:30  INFO 15680 --- [auth-module] [SpringApplicationShutdownHook] j.LocalContainerEntityManagerFactoryBean : Closing JPA EntityManagerFactory for persistence unit 'default'
2026-03-24T02:45:28.854+05:30  INFO 15680 --- [auth-module] [SpringApplicationShutdownHook] com.zaxxer.hikari.HikariDataSource       : HikariPool-2 - Shutdown initiated...
2026-03-24T02:45:28.857+05:30  INFO 15680 --- [auth-module] [SpringApplicationShutdownHook] com.zaxxer.hikari.HikariDataSource       : HikariPool-2 - Shutdown completed.
2026-03-24T02:45:28.858+05:30  INFO 15680 --- [auth-module] [SpringApplicationShutdownHook] com.netflix.discovery.DiscoveryClient    : Shutting down DiscoveryClient ...
2026-03-24T02:45:31.859+05:30  INFO 15680 --- [auth-module] [SpringApplicationShutdownHook] com.netflix.discovery.DiscoveryClient    : Unregistering ...
2026-03-24T02:45:31.878+05:30  INFO 15680 --- [auth-module] [SpringApplicationShutdownHook] com.netflix.discovery.DiscoveryClient    : DiscoveryClient_AUTH-MODULE/localhost:auth-module:8091 - deregister  status: 200
2026-03-24T02:45:31.878+05:30  INFO 15680 --- [auth-module] [SpringApplicationShutdownHook] com.netflix.discovery.DiscoveryClient    : Completed shut down of DiscoveryClient
2026-03-24T02:47:23.954+05:30  INFO 13992 --- [auth-module] [restartedMain] com.cck.cck_app.CckAppApplication        : Starting CckAppApplication using Java 21.0.8 with PID 13992 (D:\ideaProjectjava\cch-p\auth-module\target\classes started by Deneth in D:\ideaProjectjava\cch-p\auth-module)
2026-03-24T02:47:23.957+05:30  INFO 13992 --- [auth-module] [restartedMain] com.cck.cck_app.CckAppApplication        : No active profile set, falling back to 1 default profile: "default"
2026-03-24T02:47:24.026+05:30  INFO 13992 --- [auth-module] [restartedMain] .e.DevToolsPropertyDefaultsPostProcessor : Devtools property defaults active! Set 'spring.devtools.add-properties' to 'false' to disable
2026-03-24T02:47:24.026+05:30  INFO 13992 --- [auth-module] [restartedMain] .e.DevToolsPropertyDefaultsPostProcessor : For additional web related logging consider setting the 'logging.level.web' property to 'DEBUG'
2026-03-24T02:47:24.844+05:30  INFO 13992 --- [auth-module] [restartedMain] .s.d.r.c.RepositoryConfigurationDelegate : Bootstrapping Spring Data JPA repositories in DEFAULT mode.
2026-03-24T02:47:24.994+05:30  INFO 13992 --- [auth-module] [restartedMain] .s.d.r.c.RepositoryConfigurationDelegate : Finished Spring Data repository scanning in 138 ms. Found 4 JPA repository interfaces.
2026-03-24T02:47:25.282+05:30  INFO 13992 --- [auth-module] [restartedMain] o.s.cloud.context.scope.GenericScope     : BeanFactory id=e2ea1678-956b-31d9-973f-07db37432e65
2026-03-24T02:47:25.928+05:30  INFO 13992 --- [auth-module] [restartedMain] o.s.boot.tomcat.TomcatWebServer          : Tomcat initialized with port 8091 (http)
2026-03-24T02:47:25.941+05:30  INFO 13992 --- [auth-module] [restartedMain] o.apache.catalina.core.StandardService   : Starting service [Tomcat]
2026-03-24T02:47:25.941+05:30  INFO 13992 --- [auth-module] [restartedMain] o.apache.catalina.core.StandardEngine    : Starting Servlet engine: [Apache Tomcat/11.0.15]
2026-03-24T02:47:25.996+05:30  INFO 13992 --- [auth-module] [restartedMain] b.w.c.s.WebApplicationContextInitializer : Root WebApplicationContext: initialization completed in 1970 ms
2026-03-24T02:47:26.088+05:30  INFO 13992 --- [auth-module] [restartedMain] com.zaxxer.hikari.HikariDataSource       : HikariPool-1 - Starting...
2026-03-24T02:47:26.383+05:30  INFO 13992 --- [auth-module] [restartedMain] com.zaxxer.hikari.pool.HikariPool        : HikariPool-1 - Added connection org.postgresql.jdbc.PgConnection@101544a8
2026-03-24T02:47:26.385+05:30  INFO 13992 --- [auth-module] [restartedMain] com.zaxxer.hikari.HikariDataSource       : HikariPool-1 - Start completed.
2026-03-24T02:47:26.481+05:30  INFO 13992 --- [auth-module] [restartedMain] org.hibernate.orm.jpa                    : HHH008540: Processing PersistenceUnitInfo [name: default]
2026-03-24T02:47:26.536+05:30  INFO 13992 --- [auth-module] [restartedMain] org.hibernate.orm.core                   : HHH000001: Hibernate ORM core version 7.2.0.Final
2026-03-24T02:47:27.038+05:30  INFO 13992 --- [auth-module] [restartedMain] o.s.o.j.p.SpringPersistenceUnitInfo      : No LoadTimeWeaver setup: ignoring JPA class transformer
2026-03-24T02:47:27.098+05:30  WARN 13992 --- [auth-module] [restartedMain] org.hibernate.orm.deprecation            : HHH90000025: PostgreSQLDialect does not need to be specified explicitly using 'hibernate.dialect' (remove the property setting and it will be selected by default)
2026-03-24T02:47:27.122+05:30  INFO 13992 --- [auth-module] [restartedMain] org.hibernate.orm.connections.pooling    : HHH10001005: Database info:
	Database JDBC URL [jdbc:postgresql://localhost:5432/cck_auth_db?ssl=false&currentSchema=public]
	Database driver: PostgreSQL JDBC Driver
	Database dialect: PostgreSQLDialect
	Database version: 18.1
	Default catalog/schema: cck_auth_db/public
	Autocommit mode: undefined/unknown
	Isolation level: READ_COMMITTED [default READ_COMMITTED]
	JDBC fetch size: none
	Pool: DataSourceConnectionProvider
	Minimum pool size: undefined/unknown
	Maximum pool size: undefined/unknown
2026-03-24T02:47:28.239+05:30  INFO 13992 --- [auth-module] [restartedMain] org.hibernate.orm.core                   : HHH000489: No JTA platform available (set 'hibernate.transaction.jta.platform' to enable JTA platform integration)
2026-03-24T02:47:28.335+05:30  INFO 13992 --- [auth-module] [restartedMain] j.LocalContainerEntityManagerFactoryBean : Initialized JPA EntityManagerFactory for persistence unit 'default'
2026-03-24T02:47:28.483+05:30  INFO 13992 --- [auth-module] [restartedMain] o.s.d.j.r.query.QueryEnhancerFactories   : Hibernate is in classpath; If applicable, HQL parser will be used.
2026-03-24T02:47:28.937+05:30  INFO 13992 --- [auth-module] [restartedMain] eAuthenticationProviderManagerConfigurer : Global AuthenticationManager configured with AuthenticationProvider bean with name authenticationProvider
2026-03-24T02:47:28.938+05:30  WARN 13992 --- [auth-module] [restartedMain] r$InitializeUserDetailsManagerConfigurer : Global AuthenticationManager configured with an AuthenticationProvider bean. UserDetailsService beans will not be used by Spring Security for automatically configuring username/password login. Consider removing the AuthenticationProvider bean. Alternatively, consider using the UserDetailsService in a manually instantiated DaoAuthenticationProvider. If the current configuration is intentional, to turn off this warning, increase the logging level of 'org.springframework.security.config.annotation.authentication.configuration.InitializeUserDetailsBeanManagerConfigurer' to ERROR
2026-03-24T02:47:28.990+05:30  WARN 13992 --- [auth-module] [restartedMain] JpaBaseConfiguration$JpaWebConfiguration : spring.jpa.open-in-view is enabled by default. Therefore, database queries may be performed during view rendering. Explicitly configure spring.jpa.open-in-view to disable this warning
2026-03-24T02:47:30.796+05:30  INFO 13992 --- [auth-module] [restartedMain] o.s.cloud.commons.util.InetUtils         : Cannot determine local hostname
2026-03-24T02:47:31.855+05:30  INFO 13992 --- [auth-module] [restartedMain] o.s.cloud.commons.util.InetUtils         : Cannot determine local hostname
2026-03-24T02:47:31.900+05:30  INFO 13992 --- [auth-module] [restartedMain] DiscoveryClientOptionalArgsConfiguration : Eureka HTTP Client uses RestClient.
2026-03-24T02:47:31.958+05:30  WARN 13992 --- [auth-module] [restartedMain] iguration$LoadBalancerCaffeineWarnLogger : Spring Cloud LoadBalancer is currently working with the default cache. While this cache implementation is useful for development and tests, it's recommended to use Caffeine cache in production.You can switch to using Caffeine cache, by adding it and org.springframework.cache.caffeine.CaffeineCacheManager to the classpath.
2026-03-24T02:47:32.045+05:30  INFO 13992 --- [auth-module] [restartedMain] o.s.c.n.eureka.InstanceInfoFactory       : Setting initial instance status as: STARTING
2026-03-24T02:47:32.081+05:30  INFO 13992 --- [auth-module] [restartedMain] com.netflix.discovery.DiscoveryClient    : Initializing Eureka in region us-east-1
2026-03-24T02:47:32.088+05:30  INFO 13992 --- [auth-module] [restartedMain] c.n.d.s.r.aws.ConfigClusterResolver      : Resolving eureka endpoints via configuration
2026-03-24T02:47:32.101+05:30  INFO 13992 --- [auth-module] [restartedMain] com.netflix.discovery.DiscoveryClient    : Disable delta property : false
2026-03-24T02:47:32.101+05:30  INFO 13992 --- [auth-module] [restartedMain] com.netflix.discovery.DiscoveryClient    : Single vip registry refresh property : null
2026-03-24T02:47:32.101+05:30  INFO 13992 --- [auth-module] [restartedMain] com.netflix.discovery.DiscoveryClient    : Force full registry fetch : false
2026-03-24T02:47:32.101+05:30  INFO 13992 --- [auth-module] [restartedMain] com.netflix.discovery.DiscoveryClient    : Application is null : false
2026-03-24T02:47:32.101+05:30  INFO 13992 --- [auth-module] [restartedMain] com.netflix.discovery.DiscoveryClient    : Registered Applications size is zero : true
2026-03-24T02:47:32.101+05:30  INFO 13992 --- [auth-module] [restartedMain] com.netflix.discovery.DiscoveryClient    : Application version is -1: true
2026-03-24T02:47:32.101+05:30  INFO 13992 --- [auth-module] [restartedMain] com.netflix.discovery.DiscoveryClient    : Getting all instance registry info from the eureka server
2026-03-24T02:47:32.490+05:30  INFO 13992 --- [auth-module] [restartedMain] com.netflix.discovery.DiscoveryClient    : The response status is 200
2026-03-24T02:47:32.493+05:30  INFO 13992 --- [auth-module] [restartedMain] com.netflix.discovery.DiscoveryClient    : Starting heartbeat executor: renew interval is: 30
2026-03-24T02:47:32.496+05:30  INFO 13992 --- [auth-module] [restartedMain] c.n.discovery.InstanceInfoReplicator     : InstanceInfoReplicator onDemand update allowed rate per min is 4
2026-03-24T02:47:32.498+05:30  INFO 13992 --- [auth-module] [restartedMain] com.netflix.discovery.DiscoveryClient    : Discovery Client initialized at timestamp 1774300652497 with initial instances count: 1
2026-03-24T02:47:32.506+05:30  INFO 13992 --- [auth-module] [restartedMain] o.s.c.n.e.s.EurekaServiceRegistry        : Registering application AUTH-MODULE with eureka with status UP
2026-03-24T02:47:32.508+05:30  INFO 13992 --- [auth-module] [restartedMain] com.netflix.discovery.DiscoveryClient    : Saw local status change event StatusChangeEvent [timestamp=1774300652508, current=UP, previous=STARTING]
2026-03-24T02:47:32.510+05:30  INFO 13992 --- [auth-module] [DiscoveryClient-InstanceInfoReplicator-%d] com.netflix.discovery.DiscoveryClient    : DiscoveryClient_AUTH-MODULE/localhost:auth-module:8091: registering service...
2026-03-24T02:47:32.532+05:30  INFO 13992 --- [auth-module] [restartedMain] o.s.boot.tomcat.TomcatWebServer          : Tomcat started on port 8091 (http) with context path '/'
2026-03-24T02:47:32.532+05:30  INFO 13992 --- [auth-module] [restartedMain] .s.c.n.e.s.EurekaAutoServiceRegistration : Updating port to 8091
2026-03-24T02:47:32.553+05:30  INFO 13992 --- [auth-module] [DiscoveryClient-InstanceInfoReplicator-%d] com.netflix.discovery.DiscoveryClient    : DiscoveryClient_AUTH-MODULE/localhost:auth-module:8091 - registration status: 204
2026-03-24T02:47:33.555+05:30  INFO 13992 --- [auth-module] [restartedMain] o.s.cloud.commons.util.InetUtils         : Cannot determine local hostname
2026-03-24T02:47:33.577+05:30  INFO 13992 --- [auth-module] [restartedMain] com.cck.cck_app.CckAppApplication        : Started CckAppApplication in 11.184 seconds (process running for 13.438)
2026-03-24T02:47:41.332+05:30  INFO 13992 --- [auth-module] [File Watcher] rtingClassPathChangeChangedEventListener : Restarting due to 1 class path change (0 additions, 0 deletions, 1 modification)
2026-03-24T02:47:41.335+05:30  INFO 13992 --- [auth-module] [Thread-1] o.s.c.n.e.s.EurekaServiceRegistry        : Unregistering application AUTH-MODULE with eureka with status DOWN
2026-03-24T02:47:41.335+05:30  INFO 13992 --- [auth-module] [Thread-1] com.netflix.discovery.DiscoveryClient    : Saw local status change event StatusChangeEvent [timestamp=1774300661335, current=DOWN, previous=UP]
2026-03-24T02:47:41.336+05:30  INFO 13992 --- [auth-module] [DiscoveryClient-InstanceInfoReplicator-%d] com.netflix.discovery.DiscoveryClient    : DiscoveryClient_AUTH-MODULE/localhost:auth-module:8091: registering service...
2026-03-24T02:47:41.340+05:30  INFO 13992 --- [auth-module] [Thread-1] o.s.boot.tomcat.GracefulShutdown         : Commencing graceful shutdown. Waiting for active requests to complete
2026-03-24T02:47:41.346+05:30  INFO 13992 --- [auth-module] [DiscoveryClient-InstanceInfoReplicator-%d] com.netflix.discovery.DiscoveryClient    : DiscoveryClient_AUTH-MODULE/localhost:auth-module:8091 - registration status: 204
2026-03-24T02:47:41.365+05:30  INFO 13992 --- [auth-module] [tomcat-shutdown] o.s.boot.tomcat.GracefulShutdown         : Graceful shutdown complete
2026-03-24T02:47:41.374+05:30  INFO 13992 --- [auth-module] [Thread-1] j.LocalContainerEntityManagerFactoryBean : Closing JPA EntityManagerFactory for persistence unit 'default'
2026-03-24T02:47:41.379+05:30  INFO 13992 --- [auth-module] [Thread-1] com.zaxxer.hikari.HikariDataSource       : HikariPool-1 - Shutdown initiated...
2026-03-24T02:47:41.384+05:30  INFO 13992 --- [auth-module] [Thread-1] com.zaxxer.hikari.HikariDataSource       : HikariPool-1 - Shutdown completed.
2026-03-24T02:47:41.385+05:30  INFO 13992 --- [auth-module] [Thread-1] com.netflix.discovery.DiscoveryClient    : Shutting down DiscoveryClient ...
2026-03-24T02:47:44.393+05:30  INFO 13992 --- [auth-module] [Thread-1] com.netflix.discovery.DiscoveryClient    : Unregistering ...
2026-03-24T02:47:44.415+05:30  INFO 13992 --- [auth-module] [Thread-1] com.netflix.discovery.DiscoveryClient    : DiscoveryClient_AUTH-MODULE/localhost:auth-module:8091 - deregister  status: 200
2026-03-24T02:47:44.416+05:30  INFO 13992 --- [auth-module] [Thread-1] com.netflix.discovery.DiscoveryClient    : Completed shut down of DiscoveryClient
2026-03-24T02:47:45.684+05:30  INFO 13992 --- [auth-module] [restartedMain] com.cck.cck_app.CckAppApplication        : Starting CckAppApplication using Java 21.0.8 with PID 13992 (D:\ideaProjectjava\cch-p\auth-module\target\classes started by Deneth in D:\ideaProjectjava\cch-p\auth-module)
2026-03-24T02:47:45.686+05:30  INFO 13992 --- [auth-module] [restartedMain] com.cck.cck_app.CckAppApplication        : No active profile set, falling back to 1 default profile: "default"
2026-03-24T02:47:46.090+05:30  INFO 13992 --- [auth-module] [restartedMain] .s.d.r.c.RepositoryConfigurationDelegate : Bootstrapping Spring Data JPA repositories in DEFAULT mode.
2026-03-24T02:47:46.111+05:30  INFO 13992 --- [auth-module] [restartedMain] .s.d.r.c.RepositoryConfigurationDelegate : Finished Spring Data repository scanning in 18 ms. Found 4 JPA repository interfaces.
2026-03-24T02:47:46.223+05:30  INFO 13992 --- [auth-module] [restartedMain] o.s.cloud.context.scope.GenericScope     : BeanFactory id=e2ea1678-956b-31d9-973f-07db37432e65
2026-03-24T02:47:46.533+05:30  INFO 13992 --- [auth-module] [restartedMain] o.s.boot.tomcat.TomcatWebServer          : Tomcat initialized with port 8091 (http)
2026-03-24T02:47:46.534+05:30  INFO 13992 --- [auth-module] [restartedMain] o.apache.catalina.core.StandardService   : Starting service [Tomcat]
2026-03-24T02:47:46.536+05:30  INFO 13992 --- [auth-module] [restartedMain] o.apache.catalina.core.StandardEngine    : Starting Servlet engine: [Apache Tomcat/11.0.15]
2026-03-24T02:47:46.593+05:30  INFO 13992 --- [auth-module] [restartedMain] b.w.c.s.WebApplicationContextInitializer : Root WebApplicationContext: initialization completed in 902 ms
2026-03-24T02:47:46.667+05:30  INFO 13992 --- [auth-module] [restartedMain] com.zaxxer.hikari.HikariDataSource       : HikariPool-2 - Starting...
2026-03-24T02:47:46.742+05:30  INFO 13992 --- [auth-module] [restartedMain] com.zaxxer.hikari.pool.HikariPool        : HikariPool-2 - Added connection org.postgresql.jdbc.PgConnection@73087e42
2026-03-24T02:47:46.742+05:30  INFO 13992 --- [auth-module] [restartedMain] com.zaxxer.hikari.HikariDataSource       : HikariPool-2 - Start completed.
2026-03-24T02:47:46.790+05:30  INFO 13992 --- [auth-module] [restartedMain] org.hibernate.orm.jpa                    : HHH008540: Processing PersistenceUnitInfo [name: default]
2026-03-24T02:47:46.888+05:30  INFO 13992 --- [auth-module] [restartedMain] o.s.o.j.p.SpringPersistenceUnitInfo      : No LoadTimeWeaver setup: ignoring JPA class transformer
2026-03-24T02:47:46.899+05:30  WARN 13992 --- [auth-module] [restartedMain] org.hibernate.orm.deprecation            : HHH90000025: PostgreSQLDialect does not need to be specified explicitly using 'hibernate.dialect' (remove the property setting and it will be selected by default)
2026-03-24T02:47:46.909+05:30  INFO 13992 --- [auth-module] [restartedMain] org.hibernate.orm.connections.pooling    : HHH10001005: Database info:
	Database JDBC URL [jdbc:postgresql://localhost:5432/cck_auth_db?ssl=false&currentSchema=public]
	Database driver: PostgreSQL JDBC Driver
	Database dialect: PostgreSQLDialect
	Database version: 18.1
	Default catalog/schema: cck_auth_db/public
	Autocommit mode: undefined/unknown
	Isolation level: READ_COMMITTED [default READ_COMMITTED]
	JDBC fetch size: none
	Pool: DataSourceConnectionProvider
	Minimum pool size: undefined/unknown
	Maximum pool size: undefined/unknown
2026-03-24T02:47:47.193+05:30  INFO 13992 --- [auth-module] [restartedMain] org.hibernate.orm.core                   : HHH000489: No JTA platform available (set 'hibernate.transaction.jta.platform' to enable JTA platform integration)
2026-03-24T02:47:47.250+05:30  INFO 13992 --- [auth-module] [restartedMain] j.LocalContainerEntityManagerFactoryBean : Initialized JPA EntityManagerFactory for persistence unit 'default'
2026-03-24T02:47:47.604+05:30  INFO 13992 --- [auth-module] [restartedMain] eAuthenticationProviderManagerConfigurer : Global AuthenticationManager configured with AuthenticationProvider bean with name authenticationProvider
2026-03-24T02:47:47.604+05:30  WARN 13992 --- [auth-module] [restartedMain] r$InitializeUserDetailsManagerConfigurer : Global AuthenticationManager configured with an AuthenticationProvider bean. UserDetailsService beans will not be used by Spring Security for automatically configuring username/password login. Consider removing the AuthenticationProvider bean. Alternatively, consider using the UserDetailsService in a manually instantiated DaoAuthenticationProvider. If the current configuration is intentional, to turn off this warning, increase the logging level of 'org.springframework.security.config.annotation.authentication.configuration.InitializeUserDetailsBeanManagerConfigurer' to ERROR
2026-03-24T02:47:47.630+05:30  WARN 13992 --- [auth-module] [restartedMain] JpaBaseConfiguration$JpaWebConfiguration : spring.jpa.open-in-view is enabled by default. Therefore, database queries may be performed during view rendering. Explicitly configure spring.jpa.open-in-view to disable this warning
2026-03-24T02:47:49.072+05:30  INFO 13992 --- [auth-module] [restartedMain] o.s.cloud.commons.util.InetUtils         : Cannot determine local hostname
2026-03-24T02:47:50.133+05:30  INFO 13992 --- [auth-module] [restartedMain] o.s.cloud.commons.util.InetUtils         : Cannot determine local hostname
2026-03-24T02:47:50.174+05:30  INFO 13992 --- [auth-module] [restartedMain] DiscoveryClientOptionalArgsConfiguration : Eureka HTTP Client uses RestClient.
2026-03-24T02:47:50.209+05:30  WARN 13992 --- [auth-module] [restartedMain] iguration$LoadBalancerCaffeineWarnLogger : Spring Cloud LoadBalancer is currently working with the default cache. While this cache implementation is useful for development and tests, it's recommended to use Caffeine cache in production.You can switch to using Caffeine cache, by adding it and org.springframework.cache.caffeine.CaffeineCacheManager to the classpath.
2026-03-24T02:47:50.254+05:30  INFO 13992 --- [auth-module] [restartedMain] o.s.c.n.eureka.InstanceInfoFactory       : Setting initial instance status as: STARTING
2026-03-24T02:47:50.257+05:30  INFO 13992 --- [auth-module] [restartedMain] com.netflix.discovery.DiscoveryClient    : Initializing Eureka in region us-east-1
2026-03-24T02:47:50.257+05:30  INFO 13992 --- [auth-module] [restartedMain] c.n.d.s.r.aws.ConfigClusterResolver      : Resolving eureka endpoints via configuration
2026-03-24T02:47:50.258+05:30  INFO 13992 --- [auth-module] [restartedMain] com.netflix.discovery.DiscoveryClient    : Disable delta property : false
2026-03-24T02:47:50.258+05:30  INFO 13992 --- [auth-module] [restartedMain] com.netflix.discovery.DiscoveryClient    : Single vip registry refresh property : null
2026-03-24T02:47:50.258+05:30  INFO 13992 --- [auth-module] [restartedMain] com.netflix.discovery.DiscoveryClient    : Force full registry fetch : false
2026-03-24T02:47:50.258+05:30  INFO 13992 --- [auth-module] [restartedMain] com.netflix.discovery.DiscoveryClient    : Application is null : false
2026-03-24T02:47:50.258+05:30  INFO 13992 --- [auth-module] [restartedMain] com.netflix.discovery.DiscoveryClient    : Registered Applications size is zero : true
2026-03-24T02:47:50.258+05:30  INFO 13992 --- [auth-module] [restartedMain] com.netflix.discovery.DiscoveryClient    : Application version is -1: true
2026-03-24T02:47:50.258+05:30  INFO 13992 --- [auth-module] [restartedMain] com.netflix.discovery.DiscoveryClient    : Getting all instance registry info from the eureka server
2026-03-24T02:47:50.275+05:30  INFO 13992 --- [auth-module] [restartedMain] com.netflix.discovery.DiscoveryClient    : The response status is 200
2026-03-24T02:47:50.277+05:30  INFO 13992 --- [auth-module] [restartedMain] com.netflix.discovery.DiscoveryClient    : Starting heartbeat executor: renew interval is: 30
2026-03-24T02:47:50.277+05:30  INFO 13992 --- [auth-module] [restartedMain] c.n.discovery.InstanceInfoReplicator     : InstanceInfoReplicator onDemand update allowed rate per min is 4
2026-03-24T02:47:50.277+05:30  INFO 13992 --- [auth-module] [restartedMain] com.netflix.discovery.DiscoveryClient    : Discovery Client initialized at timestamp 1774300670277 with initial instances count: 1
2026-03-24T02:47:50.281+05:30  INFO 13992 --- [auth-module] [restartedMain] o.s.c.n.e.s.EurekaServiceRegistry        : Registering application AUTH-MODULE with eureka with status UP
2026-03-24T02:47:50.281+05:30  INFO 13992 --- [auth-module] [restartedMain] com.netflix.discovery.DiscoveryClient    : Saw local status change event StatusChangeEvent [timestamp=1774300670281, current=UP, previous=STARTING]
2026-03-24T02:47:50.281+05:30  INFO 13992 --- [auth-module] [DiscoveryClient-InstanceInfoReplicator-%d] com.netflix.discovery.DiscoveryClient    : DiscoveryClient_AUTH-MODULE/localhost:auth-module:8091: registering service...
2026-03-24T02:47:50.285+05:30  INFO 13992 --- [auth-module] [restartedMain] o.s.boot.tomcat.TomcatWebServer          : Tomcat started on port 8091 (http) with context path '/'
2026-03-24T02:47:50.286+05:30  INFO 13992 --- [auth-module] [restartedMain] .s.c.n.e.s.EurekaAutoServiceRegistration : Updating port to 8091
2026-03-24T02:47:50.301+05:30  INFO 13992 --- [auth-module] [DiscoveryClient-InstanceInfoReplicator-%d] com.netflix.discovery.DiscoveryClient    : DiscoveryClient_AUTH-MODULE/localhost:auth-module:8091 - registration status: 204
2026-03-24T02:47:51.316+05:30  INFO 13992 --- [auth-module] [restartedMain] o.s.cloud.commons.util.InetUtils         : Cannot determine local hostname
2026-03-24T02:47:51.331+05:30  INFO 13992 --- [auth-module] [restartedMain] com.cck.cck_app.CckAppApplication        : Started CckAppApplication in 6.802 seconds (process running for 31.191)
2026-03-24T02:47:51.336+05:30  INFO 13992 --- [auth-module] [restartedMain] .ConditionEvaluationDeltaLoggingListener : Condition evaluation unchanged
2026-03-24T02:48:17.428+05:30  INFO 13992 --- [auth-module] [http-nio-8091-exec-1] o.a.c.c.C.[Tomcat].[localhost].[/]       : Initializing Spring DispatcherServlet 'dispatcherServlet'
2026-03-24T02:48:17.429+05:30  INFO 13992 --- [auth-module] [http-nio-8091-exec-1] o.s.web.servlet.DispatcherServlet        : Initializing Servlet 'dispatcherServlet'
2026-03-24T02:48:17.432+05:30  INFO 13992 --- [auth-module] [http-nio-8091-exec-1] o.s.web.servlet.DispatcherServlet        : Completed initialization in 2 ms
2026-03-24T02:48:17.635+05:30  INFO 13992 --- [auth-module] [http-nio-8091-exec-1] com.cck.cck_app.aspect.LoggingAspect     : METHOD CALLED → Class: com.cck.cck_app.rest.AuthController | Method: login | User: anonymousUser | IP: 127.0.0.1 | Time: 2026-03-24T02:48:17.632616600
2026-03-24T02:48:17.749+05:30  INFO 13992 --- [auth-module] [http-nio-8091-exec-1] com.cck.cck_app.aspect.LoggingAspect     : METHOD CALLED → Class: com.cck.cck_app.service.UserDetailServiceAuth | Method: loadUserByUsername | User: anonymousUser | IP: 127.0.0.1 | Time: 2026-03-24T02:48:17.749436200
2026-03-24T02:48:18.555+05:30  INFO 13992 --- [auth-module] [http-nio-8091-exec-1] com.cck.cck_app.aspect.LoggingAspect     : METHOD SUCCESS → com.cck.cck_app.service.UserDetailServiceAuth.loadUserByUsername | Execution Time: 748 ms
2026-03-24T02:48:18.757+05:30  INFO 13992 --- [auth-module] [http-nio-8091-exec-1] com.cck.cck_app.aspect.LoggingAspect     : METHOD CALLED → Class: com.cck.cck_app.service.UserDetailServiceAuth | Method: storeRefreshToken | User: anonymousUser | IP: 127.0.0.1 | Time: 2026-03-24T02:48:18.756010800
2026-03-24T02:48:18.795+05:30  INFO 13992 --- [auth-module] [http-nio-8091-exec-1] com.cck.cck_app.aspect.LoggingAspect     : METHOD SUCCESS → com.cck.cck_app.service.UserDetailServiceAuth.storeRefreshToken | Execution Time: 35 ms
2026-03-24T02:48:18.799+05:30  INFO 13992 --- [auth-module] [http-nio-8091-exec-1] com.cck.cck_app.aspect.LoggingAspect     : METHOD SUCCESS → com.cck.cck_app.rest.AuthController.login | Execution Time: 1164 ms
2026-03-24T02:52:50.272+05:30  INFO 13992 --- [auth-module] [AsyncResolver-bootstrap-executor-%d] c.n.d.s.r.aws.ConfigClusterResolver      : Resolving eureka endpoints via configuration
2026-03-24T02:52:56.505+05:30  INFO 13992 --- [auth-module] [SpringApplicationShutdownHook] o.s.c.n.e.s.EurekaServiceRegistry        : Unregistering application AUTH-MODULE with eureka with status DOWN
2026-03-24T02:52:56.507+05:30  INFO 13992 --- [auth-module] [SpringApplicationShutdownHook] com.netflix.discovery.DiscoveryClient    : Saw local status change event StatusChangeEvent [timestamp=1774300976507, current=DOWN, previous=UP]
2026-03-24T02:52:56.507+05:30  INFO 13992 --- [auth-module] [DiscoveryClient-InstanceInfoReplicator-%d] com.netflix.discovery.DiscoveryClient    : DiscoveryClient_AUTH-MODULE/localhost:auth-module:8091: registering service...
2026-03-24T02:52:56.508+05:30  INFO 13992 --- [auth-module] [SpringApplicationShutdownHook] o.s.boot.tomcat.GracefulShutdown         : Commencing graceful shutdown. Waiting for active requests to complete
2026-03-24T02:52:56.518+05:30  INFO 13992 --- [auth-module] [DiscoveryClient-InstanceInfoReplicator-%d] com.netflix.discovery.DiscoveryClient    : DiscoveryClient_AUTH-MODULE/localhost:auth-module:8091 - registration status: 204
2026-03-24T02:52:56.531+05:30  INFO 13992 --- [auth-module] [tomcat-shutdown] o.s.boot.tomcat.GracefulShutdown         : Graceful shutdown complete
2026-03-24T02:52:56.535+05:30  INFO 13992 --- [auth-module] [SpringApplicationShutdownHook] j.LocalContainerEntityManagerFactoryBean : Closing JPA EntityManagerFactory for persistence unit 'default'
2026-03-24T02:52:56.536+05:30  INFO 13992 --- [auth-module] [SpringApplicationShutdownHook] com.zaxxer.hikari.HikariDataSource       : HikariPool-2 - Shutdown initiated...
2026-03-24T02:52:56.541+05:30  INFO 13992 --- [auth-module] [SpringApplicationShutdownHook] com.zaxxer.hikari.HikariDataSource       : HikariPool-2 - Shutdown completed.
2026-03-24T02:52:56.542+05:30  INFO 13992 --- [auth-module] [SpringApplicationShutdownHook] com.netflix.discovery.DiscoveryClient    : Shutting down DiscoveryClient ...
2026-03-24T02:52:59.552+05:30  INFO 13992 --- [auth-module] [SpringApplicationShutdownHook] com.netflix.discovery.DiscoveryClient    : Unregistering ...
2026-03-24T02:52:59.570+05:30  INFO 13992 --- [auth-module] [SpringApplicationShutdownHook] com.netflix.discovery.DiscoveryClient    : DiscoveryClient_AUTH-MODULE/localhost:auth-module:8091 - deregister  status: 200
2026-03-24T02:52:59.571+05:30  INFO 13992 --- [auth-module] [SpringApplicationShutdownHook] com.netflix.discovery.DiscoveryClient    : Completed shut down of DiscoveryClient
